*PADS-PCB*
*PART*
C1     CAPC0603(1608)_L
C2     CAPC0402(1005)_L
C3     CAPC0402(1005)_L
C4     CAPC0603(1608)_L
C5     CAPC0603(1608)_L
C6     CAPC0603(1608)_L
C7     CAPC0603(1608)_N
C8     CAPC0603(1608)_L
C9     CAPC0603(1608)_L
C10    CAPC0603(1608)_L
C11    CAPC0603(1608)_L
C12    CAPC0603(1608)_L
C13    CAPC0603(1608)_L
C14    CAPC0603(1608)_N
C15    CAPC0603(1608)_N
C16    CAPC0603(1608)_N
C17    CAPC0603(1608)_N
C18    CAPC0603(1608)_L
C19    CAPC0402(1005)_L
C20    CAPC0402(1005)_L
C21    CAPC0603(1608)_L
C22    CAPC0603(1608)_L
C23    CAPC0603(1608)_L
C24    CAPC0603(1608)_L
C25    CAPC0603(1608)_N
C26    CAPC0603(1608)_L
C27    CAPC0603(1608)_L
C28    CAPC0603(1608)_N
C29    CAPC0603(1608)_L
C30    CAPC0402(1005)_L
C31    CAPC0603(1608)_L
C32    CAPC0603(1608)_N
C33    CAPC0603(1608)_L
C34    CAPC0603(1608)_L
C35    CAPC1206(3216)_M
C36    CAPC1206(3216)_M
C37    CAPC1206(3216)_M
C38    CAPC1206(3216)_M
C39    CAPC1206(3216)_M
C40    CAPC1206(3216)_M
C41    CAPC0603(1608)_L
C42    CAPC0603(1608)_L
C43    CAPC0603(1608)_N
C44    CAPC0603(1608)_L
C45    CAPC0603(1608)_N
C46    CAPC1206(3216)_M
C47    CAPC0402(1005)_L
C48    CAPC0603(1608)_N
C49    CAPC0402(1005)_L
C50    CAPC0402(1005)_L
C51    CAPC0603(1608)_L
CN1    PinHeader_1x06_P2.54mm_Vertical
CN2    PinHeader_2x05_P2.54mm_Vertical - duplicate
CN3    PinHeader_2x08_P2.54mm_Vertical
CN4    BOBS FAVORITE DEBUG HDR
CN5    HDR1X4
CN6    ESP-01
CN7    Molex 2x2 Microfit
CN8    Molex 2x2 Microfit
CN9    HDR1X4
CN10   HDR1X4
CN11   HDR1X4
CN12   HDR1X4
CN13   HDR1X3
CN14   HDR1X3
CN15   HDR1X3
CN16   USB-TYPE-C MOLEX 1054500101
CN17   OLED_0.96_I2C
CN18   Raspberry_Pi_2_3
CN19   HDR1X3
CN20   HDR1X3
CN21   HDR1X4
CN22   HDR1X3
CN23   HDR1X3
CN24   HDR1X2
CN25   HDR1X2
FB1    RESC0805(2012)_N
L1     YSPI0530-3R3M
LED1   SM-LED-0603
LED2   SM-LED-0603
LED3   SM-LED-0603
LED4   SM-LED-0603
LED5   SM-LED-0603
LED6   SM-LED-0603
LED7   E6C1206RGBC3UDA
LED8   E6C1206RGBC3UDA
LED9   E6C1206RGBC3UDA
LED10  E6C1206RGBC3UDA
LED11  E6C1206RGBC3UDA
LED12  E6C1206RGBC3UDA
LED13  E6C1206RGBC3UDA
LED14  E6C1206RGBC3UDA
LED15  E6C1206RGBC3UDA
LED16  E6C1206RGBC3UDA
R1     RESC0603(1608)_N
R2     RESC0603(1608)_N
R3     RESC0402(1005)_L
R4     RESC0402(1005)_L
R5     RESC0402(1005)_L
R6     RESC0603(1608)_N
R7     RESC0603(1608)_N
R8     RESC0603(1608)_L
R9     RESC0603(1608)_L
R10    RESC0603(1608)_L
R11    RESC0402(1005)_L
R12    RESC0402(1005)_L
R13    RESC0603(1608)_L
R14    RESC0603(1608)_N
R15    RESC0603(1608)_L
R16    RESC0402(1005)_N
R17    RESC0402(1005)_L
R18    RESC0402(1005)_L
R19    RESC0402(1005)_L
R20    RESC0402(1005)_L
R21    RESC0603(1608)_N
R22    RESC0603(1608)_N
R23    RESC0402(1005)_L
R24    RESC0402(1005)_L
R25    RESC0402(1005)_L
R26    RESC0402(1005)_L
R27    RESC0402(1005)_L
R28    RESC0402(1005)_L
R29    RESC0402(1005)_L
R30    RESC0402(1005)_L
R31    RESC0402(1005)_L
R32    RESC0402(1005)_L
R33    RESC0402(1005)_L
R34    RESC0402(1005)_L
R35    RESC0402(1005)_L
R36    RESC0402(1005)_L
R37    RESC0402(1005)_L
R38    RESC0402(1005)_L
R39    RESC0402(1005)_L
R40    RESC0402(1005)_L
R41    RESC0402(1005)_L
R42    RESC0402(1005)_L
R43    RESC0402(1005)_L
R44    RESC0402(1005)_L
R45    RESC0402(1005)_L
R46    RESC0402(1005)_L
R47    RESC0402(1005)_L
R48    RESC0402(1005)_L
R49    RESC0402(1005)_L
R50    RESC0603(1608)_L
R51    RESC0402(1005)_L
R52    RESC0402(1005)_L
R53    RESC0402(1005)_N
R54    RESC0402(1005)_N
R55    RESC0402(1005)_N
R56    RESC0402(1005)_N
R57    RESC0402(1005)_N
R58    RESC0402(1005)_N
R59    RESC0402(1005)_N
R60    RESC0402(1005)_N
R61    RESC0402(1005)_N
R62    RESC0402(1005)_N
R63    RESC0402(1005)_N
R64    RESC0402(1005)_L
R65    RESC0402(1005)_N
R66    RESC0402(1005)_N
R67    RESC0402(1005)_N
R68    RESC0402(1005)_N
R69    RESC0402(1005)_L
R70    RESC0402(1005)_L
R?     RESC0402(1005)_L
SW1    SW TACT Red 6mm x 6mm
SW2    SW TACT Red 6mm x 6mm
TP3    TestPoint-SM
TP4    TestPoint-SM
TP5    TestPoint-SM
TP6    TestPoint-SM
TP7    TestPoint-SM
TP8    TestPoint-SM
TP9    TestPoint-SM
TP10   TestPoint-SM
U1     STM-LQFP64_N
U2     SOG.050/8D
U3     SOP-16
U4     QFN50P400X400X100_HS-25N
U5     LGA-28-3.8x5.2mm
U6     QFN50P400X400X100_HS-25N
U14    SOT23-6
U15    SC-70-6
U16    DSO-G3
U17    SC-70-6
U?     SC-70-6
U?     SC-70-6
X1     SMXOSC/5x3.2
X2     OSCABS
X3     OSCABS
*END*
