Removed Pin From Net: NetName=3.3V Pin=C6-1
Removed Pin From Net: NetName=3.3V Pin=C7-1
Removed Pin From Net: NetName=3.3V Pin=C8-1
Removed Pin From Net: NetName=3.3V Pin=C9-1
Removed Pin From Net: NetName=3.3V Pin=C10-1
Removed Pin From Net: NetName=3.3V Pin=C11-1
Removed Pin From Net: NetName=3.3V Pin=C12-1
Removed Pin From Net: NetName=3.3V Pin=C13-1
Removed Pin From Net: NetName=3.3V Pin=C14-1
Removed Pin From Net: NetName=3.3V Pin=C15-1
Removed Pin From Net: NetName=3.3V Pin=C16-1
Removed Pin From Net: NetName=3.3V Pin=C17-1
Removed Pin From Net: NetName=3.3V Pin=C18-1
Removed Pin From Net: NetName=3.3V Pin=C25-1
Removed Pin From Net: NetName=3.3V Pin=U1-1
Removed Pin From Net: NetName=3.3V Pin=U1-13
Removed Pin From Net: NetName=3.3V Pin=U1-19
Removed Pin From Net: NetName=3.3V Pin=U1-32
Removed Pin From Net: NetName=3.3V Pin=U1-48
Removed Pin From Net: NetName=3.3V Pin=U1-64
Added Pin To Net: NetName=3.3VA Pin=C6-1
Added Pin To Net: NetName=3.3VA Pin=C7-1
Added Pin To Net: NetName=3.3VA Pin=C8-1
Added Pin To Net: NetName=3.3VA Pin=U1-13
Added Net: Name=3.3VA
Added Pin To Net: NetName=3.3VF Pin=C9-1
Added Pin To Net: NetName=3.3VF Pin=C10-1
Added Pin To Net: NetName=3.3VF Pin=C11-1
Added Pin To Net: NetName=3.3VF Pin=C12-1
Added Pin To Net: NetName=3.3VF Pin=C13-1
Added Pin To Net: NetName=3.3VF Pin=C14-1
Added Pin To Net: NetName=3.3VF Pin=C15-1
Added Pin To Net: NetName=3.3VF Pin=C16-1
Added Pin To Net: NetName=3.3VF Pin=C17-1
Added Pin To Net: NetName=3.3VF Pin=C18-1
Added Pin To Net: NetName=3.3VF Pin=C25-1
Added Pin To Net: NetName=3.3VF Pin=U1-1
Added Pin To Net: NetName=3.3VF Pin=U1-19
Added Pin To Net: NetName=3.3VF Pin=U1-32
Added Pin To Net: NetName=3.3VF Pin=U1-48
Added Pin To Net: NetName=3.3VF Pin=U1-64
Added Net: Name=3.3VF
