Removed Pin From Net: NetName=LEDL_G1 Pin=U4-2
Removed Pin From Net: NetName=LEDL_R1 Pin=U4-3
Removed Pin From Net: NetName=LEDL_G2 Pin=U4-5
Removed Pin From Net: NetName=LEDL_R2 Pin=U4-6
Removed Pin From Net: NetName=LEDL_G3 Pin=U4-8
Removed Pin From Net: NetName=LEDL_R3 Pin=U4-10
Removed Pin From Net: NetName=LEDL_G4 Pin=U4-12
Removed Pin From Net: NetName=LEDL_R4 Pin=U4-13
Removed Pin From Net: NetName=LEDL_G5 Pin=U4-15
Removed Pin From Net: NetName=LEDL_R5 Pin=U4-16
Removed Pin From Net: NetName=LEDR_G1 Pin=U6-2
Removed Pin From Net: NetName=LEDR_R1 Pin=U6-3
Removed Pin From Net: NetName=LEDR_G2 Pin=U6-5
Removed Pin From Net: NetName=LEDR_R2 Pin=U6-6
Removed Pin From Net: NetName=LEDR_G3 Pin=U6-8
Removed Pin From Net: NetName=LEDR_R3 Pin=U6-10
Removed Pin From Net: NetName=LEDR_G4 Pin=U6-12
Removed Pin From Net: NetName=LEDR_R4 Pin=U6-13
Removed Pin From Net: NetName=LEDR_G5 Pin=U6-15
Removed Pin From Net: NetName=LEDR_R5 Pin=U6-16
Added Pin To Net: NetName=LEDL_R1 Pin=U4-2
Added Pin To Net: NetName=LEDL_G1 Pin=U4-3
Added Pin To Net: NetName=LEDL_R2 Pin=U4-5
Added Pin To Net: NetName=LEDL_G2 Pin=U4-6
Added Pin To Net: NetName=LEDL_R3 Pin=U4-8
Added Pin To Net: NetName=LEDL_G3 Pin=U4-10
Added Pin To Net: NetName=LEDL_R4 Pin=U4-12
Added Pin To Net: NetName=LEDL_G4 Pin=U4-13
Added Pin To Net: NetName=LEDL_R5 Pin=U4-15
Added Pin To Net: NetName=LEDL_G5 Pin=U4-16
Added Pin To Net: NetName=LEDR_R1 Pin=U6-2
Added Pin To Net: NetName=LEDR_G1 Pin=U6-3
Added Pin To Net: NetName=LEDR_R2 Pin=U6-5
Added Pin To Net: NetName=LEDR_G2 Pin=U6-6
Added Pin To Net: NetName=LEDR_R3 Pin=U6-8
Added Pin To Net: NetName=LEDR_G3 Pin=U6-10
Added Pin To Net: NetName=LEDR_R4 Pin=U6-12
Added Pin To Net: NetName=LEDR_G4 Pin=U6-13
Added Pin To Net: NetName=LEDR_R5 Pin=U6-15
Added Pin To Net: NetName=LEDR_G5 Pin=U6-16
